<?xml version="1.0" encoding="UTF-8"?>
<!-- Generated by org.testng.reporters.JUnitXMLReporter -->
<testsuite ignored="0" hostname="Meghas-MacBook-Pro.local" failures="0" tests="8" name="Surefire test" time="22.69" errors="0" timestamp="2023-07-20T23:45:45 EDT">
  <testcase classname="datadriven.PurchaseOrderTests" name="purchaseAccountLogin" time="3.037"/>
  <testcase classname="datadriven.PurchaseOrderTests" name="addProduct" time="2.015"/>
  <testcase classname="datadriven.PurchaseOrderTests" name="createOrder" time="0.801"/>
  <testcase classname="datadriven.PurchaseOrderTests" name="getOrderDetails" time="0.786"/>
  <testcase classname="datadriven.PurchaseOrderTests" name="deleteOrder" time="0.795"/>
  <testcase classname="datadriven.GoogleMapsTests" name="googleAddLocation" time="0.905"/>
  <testcase classname="sample.GoogleMapsApiTests" name="googleApis" time="5.386"/>
  <testcase classname="sample.LibraryApiTests" name="addBook" time="8.043"/>
</testsuite> <!-- Surefire test -->
