<?xml version="1.0" encoding="UTF-8"?>
<!-- Generated by org.testng.reporters.JUnitXMLReporter -->
<testsuite ignored="0" hostname="Meghas-MacBook-Pro.local" failures="0" tests="8" name="Surefire test" time="22.695" errors="0" timestamp="2023-07-20T22:15:07 EDT">
  <testcase classname="datadriven.PurchaseOrderTests" name="purchaseAccountLogin" time="2.78"/>
  <testcase classname="datadriven.PurchaseOrderTests" name="addProduct" time="2.365"/>
  <testcase classname="datadriven.PurchaseOrderTests" name="createOrder" time="0.91"/>
  <testcase classname="datadriven.PurchaseOrderTests" name="getOrderDetails" time="0.837"/>
  <testcase classname="datadriven.PurchaseOrderTests" name="deleteOrder" time="0.767"/>
  <testcase classname="datadriven.GoogleMapsTests" name="googleAddLocation" time="0.704"/>
  <testcase classname="sample.GoogleMapsApiTests" name="googleApis" time="5.889"/>
  <testcase classname="sample.LibraryApiTests" name="addBook" time="7.523"/>
</testsuite> <!-- Surefire test -->
