<?xml version="1.0" encoding="UTF-8"?>
<testsuite xmlns:xsi="http://www.w3.org/2001/XMLSchema-instance" xsi:noNamespaceSchemaLocation="https://maven.apache.org/surefire/maven-surefire-plugin/xsd/surefire-test-report-3.0.xsd" version="3.0" name="TestSuite" time="23.486" tests="8" errors="0" skipped="0" failures="0">
  <properties>
[...]
</properties>
  <testcase name="purchaseAccountLogin" classname="datadriven.PurchaseOrderTests" time="2.785">
    <system-out><![CDATA[Assert value of Success Message - Login Successfully equals Login Successfully


]]></system-out>
    <system-err><![CDATA[SLF4J: Failed to load class "org.slf4j.impl.StaticLoggerBinder".
SLF4J: Defaulting to no-operation (NOP) logger implementation
SLF4J: See http://www.slf4j.org/codes.html#StaticLoggerBinder for further details.
]]></system-err>
  </testcase>
  <testcase name="addProduct" classname="datadriven.PurchaseOrderTests" time="2.37">
    <system-out><![CDATA[Assert value of Success Message - Product Added Successfully equals Product Added Successfully


]]></system-out>
  </testcase>
  <testcase name="createOrder" classname="datadriven.PurchaseOrderTests" time="0.915">
    <system-out><![CDATA[Assert value of Success Message - Order Placed Successfully equals Order Placed Successfully
Assert value of productOrderId - 64b9ea1a7244490f958726ac equals 64b9ea1a7244490f958726ac


]]></system-out>
  </testcase>
  <testcase name="getOrderDetails" classname="datadriven.PurchaseOrderTests" time="0.84">
    <system-out><![CDATA[Assert value of Success Message - Orders fetched for customer Successfully equals Orders fetched for customer Successfully
Assert value of _id - 64b9ea1b7244490f958726b0 equals 64b9ea1b7244490f958726b0
Assert value of OrderById - 62742549e26b7e1a10e9fce0 equals 62742549e26b7e1a10e9fce0
Assert value of orderBy - rahulshetty@gmail.com equals rahulshetty@gmail.com
Assert value of productOrderedId - 64b9ea1a7244490f958726ac equals 64b9ea1a7244490f958726ac
Assert value of productName - Denim equals Denim
Assert value of country - India equals India
Assert value of productDescription - wearables equals wearables
Assert value of orderPrice - 11500 equals 11500
Assert value of __v - 0 equals 0


]]></system-out>
  </testcase>
  <testcase name="deleteOrder" classname="datadriven.PurchaseOrderTests" time="0.783">
    <system-out><![CDATA[Assert value of Success Message - Product Deleted Successfully equals Product Deleted Successfully


]]></system-out>
  </testcase>
  <testcase name="googleAddLocation" classname="datadriven.GoogleMapsTests" time="0.705">
    <system-out><![CDATA[Assert value of Status - OK equals OK
Assert value of Scope - APP equals APP
]]></system-out>
  </testcase>
  <testcase name="googleApis" classname="sample.GoogleMapsApiTests" time="5.891">
    <system-out><![CDATA[Request method:	PUT
Request URI:	https://rahulshettyacademy.com/maps/api/place/add/json?key=qaclick123
Proxy:			<none>
Request params:	<none>
Query params:	key=qaclick123
Form params:	<none>
Path params:	<none>
Headers:		Accept=*/*
				Content-Type=text/plain; charset=ISO-8859-1
Cookies:		<none>
Multiparts:		<none>
Body:
{
  "location": {
    "lat": -38.383494,
    "lng": 33.427362
  },
  "accuracy": 50,
  "name": "Frontline house123",
  "phone_number": "(+91) 983 893 3937",
  "address": "29, side layout, cohen 09",
  "types": [
    "shoe park",
    "shop"
  ],
  "website": "http://google.com",
  "language": "French-IN"
}
HTTP/1.1 200 OK
Date: Fri, 21 Jul 2023 02:14:54 GMT
Server: Apache/2.4.52 (Ubuntu)
Access-Control-Allow-Origin: *
Access-Control-Allow-Methods: POST
Access-Control-Max-Age: 3600
Access-Control-Allow-Headers: Content-Type, Access-Control-Allow-Headers, Authorization, X-Requested-With
Content-Length: 194
Keep-Alive: timeout=5, max=100
Connection: Keep-Alive
Content-Type: application/json;charset=UTF-8

{
    "status": "OK",
    "place_id": "dc3fc149f73d20bb824a0fb5582d1998",
    "scope": "APP",
    "reference": "6bfb34a558d730b4edc1c6120b9169936bfb34a558d730b4edc1c6120b916993",
    "id": "6bfb34a558d730b4edc1c6120b916993"
}
Request method:	GET
Request URI:	https://rahulshettyacademy.com/maps/api/place/get/json?key=qaclick123&place_id=dc3fc149f73d20bb824a0fb5582d1998
Proxy:			<none>
Request params:	<none>
Query params:	key=qaclick123
				place_id=dc3fc149f73d20bb824a0fb5582d1998
Form params:	<none>
Path params:	<none>
Headers:		Accept=*/*
Cookies:		<none>
Multiparts:		<none>
Body:			<none>
HTTP/1.1 200 OK
Date: Fri, 21 Jul 2023 02:14:56 GMT
Server: Apache/2.4.52 (Ubuntu)
Access-Control-Allow-Origin: *
Access-Control-Allow-Methods: POST
Access-Control-Max-Age: 3600
Access-Control-Allow-Headers: Content-Type, Access-Control-Allow-Headers, Authorization, X-Requested-With
Content-Length: 260
Keep-Alive: timeout=5, max=100
Connection: Keep-Alive
Content-Type: application/json;charset=UTF-8

{
    "location": {
        "latitude": "-38.383494",
        "longitude": "33.427362"
    },
    "accuracy": "50",
    "name": "Frontline house123",
    "phone_number": "(+91) 983 893 3937",
    "address": "29, side layout, cohen 09",
    "types": "shoe park,shop",
    "website": "http://google.com",
    "language": "French-IN"
}
Request method:	PUT
Request URI:	https://rahulshettyacademy.com/maps/api/place/update/json?key=qaclick123
Proxy:			<none>
Request params:	<none>
Query params:	key=qaclick123
Form params:	<none>
Path params:	<none>
Headers:		Accept=*/*
				Content-Type=application/json
Cookies:		<none>
Multiparts:		<none>
Body:
{
    "place_id": "dc3fc149f73d20bb824a0fb5582d1998",
    "address": "Megha Dubey Address",
    "key": "qaclick123"
}
HTTP/1.1 200 OK
Date: Fri, 21 Jul 2023 02:14:57 GMT
Server: Apache/2.4.52 (Ubuntu)
Access-Control-Allow-Origin: *
Access-Control-Allow-Methods: POST
Access-Control-Max-Age: 3600
Access-Control-Allow-Headers: Content-Type, Access-Control-Allow-Headers, Authorization, X-Requested-With
Content-Length: 38
Keep-Alive: timeout=5, max=100
Connection: Keep-Alive
Content-Type: application/json;charset=UTF-8

{
    "msg": "Address successfully updated"
}
Request method:	GET
Request URI:	https://rahulshettyacademy.com/maps/api/place/get/json?key=qaclick123&place_id=dc3fc149f73d20bb824a0fb5582d1998
Proxy:			<none>
Request params:	<none>
Query params:	key=qaclick123
				place_id=dc3fc149f73d20bb824a0fb5582d1998
Form params:	<none>
Path params:	<none>
Headers:		Accept=*/*
Cookies:		<none>
Multiparts:		<none>
Body:			<none>
HTTP/1.1 200 OK
Date: Fri, 21 Jul 2023 02:14:58 GMT
Server: Apache/2.4.52 (Ubuntu)
Access-Control-Allow-Origin: *
Access-Control-Allow-Methods: POST
Access-Control-Max-Age: 3600
Access-Control-Allow-Headers: Content-Type, Access-Control-Allow-Headers, Authorization, X-Requested-With
Content-Length: 254
Keep-Alive: timeout=5, max=100
Connection: Keep-Alive
Content-Type: application/json;charset=UTF-8

{
    "location": {
        "latitude": "-38.383494",
        "longitude": "33.427362"
    },
    "accuracy": "50",
    "name": "Frontline house123",
    "phone_number": "(+91) 983 893 3937",
    "address": "Megha Dubey Address",
    "types": "shoe park,shop",
    "website": "http://google.com",
    "language": "French-IN"
}
Request method:	PUT
Request URI:	https://rahulshettyacademy.com/maps/api/place/delete/json?key=qaclick123
Proxy:			<none>
Request params:	<none>
Query params:	key=qaclick123
Form params:	<none>
Path params:	<none>
Headers:		Accept=*/*
				Content-Type=application/json
Cookies:		<none>
Multiparts:		<none>
Body:
{
    "place_id": "dc3fc149f73d20bb824a0fb5582d1998"
}
HTTP/1.1 200 OK
Date: Fri, 21 Jul 2023 02:14:59 GMT
Server: Apache/2.4.52 (Ubuntu)
Access-Control-Allow-Origin: *
Access-Control-Allow-Methods: POST
Access-Control-Max-Age: 3600
Access-Control-Allow-Headers: Content-Type, Access-Control-Allow-Headers, Authorization, X-Requested-With
Content-Length: 15
Keep-Alive: timeout=5, max=100
Connection: Keep-Alive
Content-Type: application/json;charset=UTF-8

{
    "status": "OK"
}
]]></system-out>
  </testcase>
  <testcase name="addBook[[Lapis.libraryapis.BookData;@6c2a95d5](1)" classname="sample.LibraryApiTests" time="7.531">
    <system-out><![CDATA[YbvES70661
Assert value of bookName - Learn Appium Automation with Java equals Learn Appium Automation with Java
Assert value of isbn - YbvES equals YbvES
Assert value of aisle - 70661 equals 70661
Assert value of bookName - Learn Appium Automation with Java equals Learn Appium Automation with Java
Assert value of isbn - YbvES equals YbvES
Assert value of aisle - 70661 equals 70661
eX68U72230
Assert value of bookName - Learn Appium Automation with Java equals Learn Appium Automation with Java
Assert value of isbn - eX68U equals eX68U
Assert value of aisle - 72230 equals 72230
Assert value of bookName - Learn Appium Automation with Java equals Learn Appium Automation with Java
Assert value of isbn - eX68U equals eX68U
Assert value of aisle - 72230 equals 72230
]]></system-out>
  </testcase>
</testsuite>